<?xml version="1.0" encoding="UTF-8"?>
<!-- Generated by org.testng.reporters.JUnitXMLReporter -->
<testsuite ignored="0" hostname="LAPTOP-MHH6O73F" failures="0" tests="3" name="Test1" time="27.591" errors="0" timestamp="2024-05-20T11:33:59 IST">
  <testcase classname="TestNgTravel.AbhiAbhi" name="abhibus" time="15.242"/>
  <testcase classname="TestNgFashion.DemoWebShop" name="dws" time="18.444"/>
  <testcase classname="TestNgFashion.Ajio" name="ajio" time="27.462"/>
</testsuite> <!-- Test1 -->
