<?xml version="1.0" encoding="UTF-8"?>
<!-- Generated by org.testng.reporters.JUnitXMLReporter -->
<testsuite ignored="0" hostname="LAPTOP-MHH6O73F" failures="0" tests="3" name="Test2" time="92.56" errors="0" timestamp="2024-05-20T11:35:32 IST">
  <testcase classname="TestNgFashion.Ajio" name="ajio" time="58.104"/>
  <testcase classname="TestNgFashion.DemoWebShop" name="dws" time="64.761"/>
  <testcase classname="TestNgTravel.AbhiAbhi" name="abhibus" time="92.55"/>
</testsuite> <!-- Test2 -->
